# JRE version: Java(TM) SE Runtime Environment (8.0_181-b13) (build 1.8.0_181-b13)
# Java VM: Java HotSpot(TM) 64-Bit Server VM (25.181-b13 mixed mode bsd-amd64 compressed oops)
Heap:
 PSYoungGen      total 71680K, used 64512K [0x00000007aab00000, 0x00000007b3700000, 0x00000007c0000000)
  eden space 64512K, 100% used [0x00000007aab00000,0x00000007aea00000,0x00000007aea00000)
  from space 7168K, 0% used [0x00000007aea00000,0x00000007aea00000,0x00000007af100000)
  to   space 7168K, 33% used [0x00000007b3000000,0x00000007b3258010,0x00000007b3700000)
 ParOldGen       total 32256K, used 7849K [0x0000000780000000, 0x0000000781f80000, 0x00000007aab00000)
  object space 32256K, 24% used [0x0000000780000000,0x00000007807aa710,0x0000000781f80000)
 Metaspace       used 24697K, capacity 25594K, committed 25856K, reserved 1071104K
  class space    used 3336K, capacity 3538K, committed 3584K, reserved 1048576K
GC Heap History (10 events):
Event: 4.535 GC heap after
Heap after GC invocations=4 (full 0):
 PSYoungGen      total 35328K, used 2541K [0x00000007aab00000, 0x00000007ad000000, 0x00000007c0000000)
  eden space 32768K, 0% used [0x00000007aab00000,0x00000007aab00000,0x00000007acb00000)
  from space 2560K, 99% used [0x00000007acd80000,0x00000007acffb718,0x00000007ad000000)
  to   space 2560K, 0% used [0x00000007acb00000,0x00000007acb00000,0x00000007acd80000)
 ParOldGen       total 44032K, used 4697K [0x0000000780000000, 0x0000000782b00000, 0x00000007aab00000)
  object space 44032K, 10% used [0x0000000780000000,0x0000000780496598,0x0000000782b00000)
 Metaspace       used 14375K, capacity 14794K, committed 14848K, reserved 1062912K
  class space    used 1862K, capacity 2020K, committed 2048K, reserved 1048576K
}
Event: 5.307 GC heap before
{Heap before GC invocations=5 (full 0):
 PSYoungGen      total 35328K, used 35309K [0x00000007aab00000, 0x00000007ad000000, 0x00000007c0000000)
  eden space 32768K, 100% used [0x00000007aab00000,0x00000007acb00000,0x00000007acb00000)
  from space 2560K, 99% used [0x00000007acd80000,0x00000007acffb718,0x00000007ad000000)
  to   space 2560K, 0% used [0x00000007acb00000,0x00000007acb00000,0x00000007acd80000)
 ParOldGen       total 44032K, used 4697K [0x0000000780000000, 0x0000000782b00000, 0x00000007aab00000)
  object space 44032K, 10% used [0x0000000780000000,0x0000000780496598,0x0000000782b00000)
 Metaspace       used 16651K, capacity 17214K, committed 17280K, reserved 1064960K
  class space    used 2258K, capacity 2406K, committed 2432K, reserved 1048576K
Event: 5.332 GC heap after
Heap after GC invocations=5 (full 0):
 PSYoungGen      total 35328K, used 2549K [0x00000007aab00000, 0x00000007af700000, 0x00000007c0000000)
  eden space 32768K, 0% used [0x00000007aab00000,0x00000007aab00000,0x00000007acb00000)
  from space 2560K, 99% used [0x00000007acb00000,0x00000007acd7d588,0x00000007acd80000)
  to   space 6144K, 0% used [0x00000007af100000,0x00000007af100000,0x00000007af700000)
 ParOldGen       total 44032K, used 7735K [0x0000000780000000, 0x0000000782b00000, 0x00000007aab00000)
  object space 44032K, 17% used [0x0000000780000000,0x000000078078df00,0x0000000782b00000)
 Metaspace       used 16651K, capacity 17214K, committed 17280K, reserved 1064960K
  class space    used 2258K, capacity 2406K, committed 2432K, reserved 1048576K
}
Event: 6.443 GC heap before
{Heap before GC invocations=6 (full 0):
 PSYoungGen      total 35328K, used 35317K [0x00000007aab00000, 0x00000007af700000, 0x00000007c0000000)
  eden space 32768K, 100% used [0x00000007aab00000,0x00000007acb00000,0x00000007acb00000)
  from space 2560K, 99% used [0x00000007acb00000,0x00000007acd7d588,0x00000007acd80000)
  to   space 6144K, 0% used [0x00000007af100000,0x00000007af100000,0x00000007af700000)
 ParOldGen       total 44032K, used 7735K [0x0000000780000000, 0x0000000782b00000, 0x00000007aab00000)
  object space 44032K, 17% used [0x0000000780000000,0x000000078078df00,0x0000000782b00000)
 Metaspace       used 19974K, capacity 20582K, committed 20864K, reserved 1067008K
  class space    used 2669K, capacity 2852K, committed 2944K, reserved 1048576K
Event: 6.474 GC heap after
Heap after GC invocations=6 (full 0):
 PSYoungGen      total 70656K, used 6118K [0x00000007aab00000, 0x00000007af900000, 0x00000007c0000000)
  eden space 64512K, 0% used [0x00000007aab00000,0x00000007aab00000,0x00000007aea00000)
  from space 6144K, 99% used [0x00000007af100000,0x00000007af6f9af0,0x00000007af700000)
  to   space 7168K, 0% used [0x00000007aea00000,0x00000007aea00000,0x00000007af100000)
 ParOldGen       total 44032K, used 7884K [0x0000000780000000, 0x0000000782b00000, 0x00000007aab00000)
  object space 44032K, 17% used [0x0000000780000000,0x00000007807b32a0,0x0000000782b00000)
 Metaspace       used 19974K, capacity 20582K, committed 20864K, reserved 1067008K
  class space    used 2669K, capacity 2852K, committed 2944K, reserved 1048576K
}
Event: 6.673 GC heap before
{Heap before GC invocations=7 (full 0):
 PSYoungGen      total 70656K, used 14531K [0x00000007aab00000, 0x00000007af900000, 0x00000007c0000000)
  eden space 64512K, 13% used [0x00000007aab00000,0x00000007ab337278,0x00000007aea00000)
  from space 6144K, 99% used [0x00000007af100000,0x00000007af6f9af0,0x00000007af700000)
  to   space 7168K, 0% used [0x00000007aea00000,0x00000007aea00000,0x00000007af100000)
 ParOldGen       total 44032K, used 7884K [0x0000000780000000, 0x0000000782b00000, 0x00000007aab00000)
  object space 44032K, 17% used [0x0000000780000000,0x00000007807b32a0,0x0000000782b00000)
 Metaspace       used 20648K, capacity 21272K, committed 21296K, reserved 1067008K
  class space    used 2760K, capacity 2943K, committed 2944K, reserved 1048576K
Event: 6.684 GC heap after
Heap after GC invocations=7 (full 0):
 PSYoungGen      total 71680K, used 2576K [0x00000007aab00000, 0x00000007b3700000, 0x00000007c0000000)
  eden space 64512K, 0% used [0x00000007aab00000,0x00000007aab00000,0x00000007aea00000)
  from space 7168K, 35% used [0x00000007aea00000,0x00000007aec843f8,0x00000007af100000)
  to   space 7168K, 0% used [0x00000007b3000000,0x00000007b3000000,0x00000007b3700000)
 ParOldGen       total 44032K, used 9161K [0x0000000780000000, 0x0000000782b00000, 0x00000007aab00000)
  object space 44032K, 20% used [0x0000000780000000,0x00000007808f2798,0x0000000782b00000)
 Metaspace       used 20648K, capacity 21272K, committed 21296K, reserved 1067008K
  class space    used 2760K, capacity 2943K, committed 2944K, reserved 1048576K
}
Event: 6.684 GC heap before
{Heap before GC invocations=8 (full 1):
 PSYoungGen      total 71680K, used 2576K [0x00000007aab00000, 0x00000007b3700000, 0x00000007c0000000)
  eden space 64512K, 0% used [0x00000007aab00000,0x00000007aab00000,0x00000007aea00000)
  from space 7168K, 35% used [0x00000007aea00000,0x00000007aec843f8,0x00000007af100000)
  to   space 7168K, 0% used [0x00000007b3000000,0x00000007b3000000,0x00000007b3700000)
 ParOldGen       total 44032K, used 9161K [0x0000000780000000, 0x0000000782b00000, 0x00000007aab00000)
  object space 44032K, 20% used [0x0000000780000000,0x00000007808f2798,0x0000000782b00000)
 Metaspace       used 20648K, capacity 21272K, committed 21296K, reserved 1067008K
  class space    used 2760K, capacity 2943K, committed 2944K, reserved 1048576K
Event: 6.768 GC heap after
Heap after GC invocations=8 (full 1):
 PSYoungGen      total 71680K, used 0K [0x00000007aab00000, 0x00000007b3700000, 0x00000007c0000000)
  eden space 64512K, 0% used [0x00000007aab00000,0x00000007aab00000,0x00000007aea00000)
  from space 7168K, 0% used [0x00000007aea00000,0x00000007aea00000,0x00000007af100000)
  to   space 7168K, 0% used [0x00000007b3000000,0x00000007b3000000,0x00000007b3700000)
 ParOldGen       total 32256K, used 7841K [0x0000000780000000, 0x0000000781f80000, 0x00000007aab00000)
  object space 32256K, 24% used [0x0000000780000000,0x00000007807a8710,0x0000000781f80000)
 Metaspace       used 20648K, capacity 21272K, committed 21296K, reserved 1067008K
  class space    used 2760K, capacity 2943K, committed 2944K, reserved 1048576K
}
Event: 9.766 GC heap before
{Heap before GC invocations=9 (full 1):
 PSYoungGen      total 71680K, used 64512K [0x00000007aab00000, 0x00000007b3700000, 0x00000007c0000000)
  eden space 64512K, 100% used [0x00000007aab00000,0x00000007aea00000,0x00000007aea00000)
  from space 7168K, 0% used [0x00000007aea00000,0x00000007aea00000,0x00000007af100000)
  to   space 7168K, 0% used [0x00000007b3000000,0x00000007b3000000,0x00000007b3700000)
 ParOldGen       total 32256K, used 7841K [0x0000000780000000, 0x0000000781f80000, 0x00000007aab00000)
  object space 32256K, 24% used [0x0000000780000000,0x00000007807a8710,0x0000000781f80000)
 Metaspace       used 24697K, capacity 25594K, committed 25856K, reserved 1071104K
  class space    used 3336K, capacity 3538K, committed 3584K, reserved 1048576K

